#
# There is insufficient memory for the Java Runtime Environment to continue.
# Native memory allocation (malloc) failed to allocate 32744 bytes for ChunkPool::allocate
# Possible reasons:
#   The system is out of physical RAM or swap space
#   The process is running with CompressedOops enabled, and the Java Heap may be blocking the growth of the native heap
# Possible solutions:
#   Reduce memory load on the system
#   Increase physical memory or swap space
#   Check if swap backing store is full
#   Decrease Java heap size (-Xmx/-Xms)
#   Decrease number of Java threads
#   Decrease Java thread stack sizes (-Xss)
#   Set larger code cache with -XX:ReservedCodeCacheSize=
#   JVM is running with Unscaled Compressed Oops mode in which the Java heap is
#     placed in the first 4GB address space. The Java Heap base address is the
#     maximum limit for the native heap growth. Please use -XX:HeapBaseMinAddress
#     to set the Java Heap base and to place the Java Heap above 4GB virtual address.
# This output file may be truncated or incomplete.
#
#  Out of Memory Error (t:/workspace/open/src/hotspot/share/memory/arena.cpp:82), pid=8444, tid=6828
#
# JRE version: Java(TM) SE Runtime Environment (10.0.2+13) (build 10.0.2+13)
# Java VM: Java HotSpot(TM) 64-Bit Server VM (10.0.2+13, mixed mode, tiered, compressed oops, g1 gc, windows-amd64)
# No core dump will be written. Minidumps are not enabled by default on client versions of Windows
#

---------------  S U M M A R Y ------------

Command Line: -Dfile.encoding=UTF-8 com.acn.masg.SpMassageProApplication

Host: Intel(R) Core(TM) i7-4900MQ CPU @ 2.80GHz, 8 cores, 7G,  Windows 10 , 64 bit Build 17134 (10.0.17134.1)
Time: Thu Jan 10 01:32:06 2019 China Standard Time elapsed time: 515 seconds (0d 0h 8m 35s)

---------------  T H R E A D  ---------------

Current thread (0x000001a57fa4d800):  JavaThread "C2 CompilerThread0" daemon [_thread_in_native, id=6828, stack(0x0000002482a00000,0x0000002482b00000)]


Current CompileTask:
C2: 515306 5996       4       org.bson.codecs.configuration.ProvidersCodecRegistry::get (104 bytes)

Stack: [0x0000002482a00000,0x0000002482b00000]
Native frames: (J=compiled Java code, j=interpreted, Vv=VM code, C=native code)
V  [jvm.dll+0x5a01a9]
V  [jvm.dll+0x6bcf31]
V  [jvm.dll+0x6be126]
V  [jvm.dll+0x6be7b3]
V  [jvm.dll+0x234978]
V  [jvm.dll+0xbb8fb]
V  [jvm.dll+0xbb6ea]
V  [jvm.dll+0xbbbac]
V  [jvm.dll+0x311404]
V  [jvm.dll+0x5f86b6]
V  [jvm.dll+0x5f8c2d]
V  [jvm.dll+0x580f96]
V  [jvm.dll+0x32bc90]
V  [jvm.dll+0x32ab0c]
V  [jvm.dll+0x32a975]
V  [jvm.dll+0x5b68d0]
V  [jvm.dll+0x5b4a4b]
V  [jvm.dll+0x17f1dc]
V  [jvm.dll+0x1fee3f]
V  [jvm.dll+0x17c94b]
V  [jvm.dll+0x20c8dd]
V  [jvm.dll+0x20b6a6]
V  [jvm.dll+0x68b7ff]
V  [jvm.dll+0x59f4b0]
C  [msvcr120.dll+0x24f7f]
C  [msvcr120.dll+0x25126]
C  [KERNEL32.DLL+0x13034]
C  [ntdll.dll+0x73691]


---------------  P R O C E S S  ---------------

Threads class SMR info:
_java_thread_list=0x000001a5178f4880, length=31, elements={
0x000001a57fa37800, 0x000001a57fa42800, 0x000001a57fa4b000, 0x000001a57fa4d000,
0x000001a57fa4d800, 0x000001a57fa4e800, 0x000001a57fb8d800, 0x000001a57fb8e800,
0x000001a57fba3000, 0x000001a57fd91000, 0x000001a57fd95800, 0x000001a515fc4000,
0x000001a515fc8000, 0x000001a515fc6800, 0x000001a515fcb800, 0x000001a515fc5000,
0x000001a515fc6000, 0x000001a515fc7800, 0x000001a515fc9000, 0x000001a515fc9800,
0x000001a515fca800, 0x000001a516c23000, 0x000001a516c27800, 0x000001a516c23800,
0x000001a516c24800, 0x000001a516c25000, 0x000001a516c26800, 0x000001a516c26000,
0x000001a516c20800, 0x000001a516c28800, 0x000001a516c21000
}

Java Threads: ( => current thread )
  0x000001a57fa37800 JavaThread "Reference Handler" daemon [_thread_blocked, id=11904, stack(0x0000002482600000,0x0000002482700000)]
  0x000001a57fa42800 JavaThread "Finalizer" daemon [_thread_blocked, id=11956, stack(0x0000002482700000,0x0000002482800000)]
  0x000001a57fa4b000 JavaThread "Signal Dispatcher" daemon [_thread_blocked, id=10520, stack(0x0000002482800000,0x0000002482900000)]
  0x000001a57fa4d000 JavaThread "Attach Listener" daemon [_thread_blocked, id=12056, stack(0x0000002482900000,0x0000002482a00000)]
=>0x000001a57fa4d800 JavaThread "C2 CompilerThread0" daemon [_thread_in_native, id=6828, stack(0x0000002482a00000,0x0000002482b00000)]
  0x000001a57fa4e800 JavaThread "C2 CompilerThread1" daemon [_thread_in_native, id=2616, stack(0x0000002482b00000,0x0000002482c00000)]
  0x000001a57fb8d800 JavaThread "C2 CompilerThread2" daemon [_thread_in_native, id=3016, stack(0x0000002482c00000,0x0000002482d00000)]
  0x000001a57fb8e800 JavaThread "C1 CompilerThread3" daemon [_thread_blocked, id=2948, stack(0x0000002482d00000,0x0000002482e00000)]
  0x000001a57fba3000 JavaThread "Sweeper thread" daemon [_thread_blocked, id=9976, stack(0x0000002482e00000,0x0000002482f00000)]
  0x000001a57fd91000 JavaThread "Service Thread" daemon [_thread_blocked, id=6624, stack(0x0000002482f00000,0x0000002483000000)]
  0x000001a57fd95800 JavaThread "Common-Cleaner" daemon [_thread_blocked, id=9252, stack(0x0000002483000000,0x0000002483100000)]
  0x000001a515fc4000 JavaThread "ContainerBackgroundProcessor[StandardEngine[Tomcat]]" daemon [_thread_blocked, id=2392, stack(0x0000002483200000,0x0000002483300000)]
  0x000001a515fc8000 JavaThread "container-0" [_thread_blocked, id=2480, stack(0x0000002483300000,0x0000002483400000)]
  0x000001a515fc6800 JavaThread "cluster-ClusterId{value='5c362e162dd0ce20fcb7639e', description='null'}-localhost:27017" daemon [_thread_blocked, id=5684, stack(0x0000002483400000,0x0000002483500000)]
  0x000001a515fcb800 JavaThread "CleanCursors-1-thread-1" daemon [_thread_blocked, id=6492, stack(0x0000002483500000,0x0000002483600000)]
  0x000001a515fc5000 JavaThread "NioBlockingSelector.BlockPoller-1" daemon [_thread_in_native, id=2528, stack(0x0000002483700000,0x0000002483800000)]
  0x000001a515fc6000 JavaThread "http-nio-8080-exec-1" daemon [_thread_blocked, id=11884, stack(0x0000002483800000,0x0000002483900000)]
  0x000001a515fc7800 JavaThread "http-nio-8080-exec-2" daemon [_thread_blocked, id=11868, stack(0x0000002483900000,0x0000002483a00000)]
  0x000001a515fc9000 JavaThread "http-nio-8080-exec-3" daemon [_thread_blocked, id=6180, stack(0x0000002483a00000,0x0000002483b00000)]
  0x000001a515fc9800 JavaThread "http-nio-8080-exec-4" daemon [_thread_blocked, id=9860, stack(0x0000002483b00000,0x0000002483c00000)]
  0x000001a515fca800 JavaThread "http-nio-8080-exec-5" daemon [_thread_blocked, id=1916, stack(0x0000002483c00000,0x0000002483d00000)]
  0x000001a516c23000 JavaThread "http-nio-8080-exec-6" daemon [_thread_blocked, id=1376, stack(0x0000002483d00000,0x0000002483e00000)]
  0x000001a516c27800 JavaThread "http-nio-8080-exec-7" daemon [_thread_blocked, id=4636, stack(0x0000002483e00000,0x0000002483f00000)]
  0x000001a516c23800 JavaThread "http-nio-8080-exec-8" daemon [_thread_blocked, id=7380, stack(0x0000002483f00000,0x0000002484000000)]
  0x000001a516c24800 JavaThread "http-nio-8080-exec-9" daemon [_thread_blocked, id=9760, stack(0x0000002484000000,0x0000002484100000)]
  0x000001a516c25000 JavaThread "http-nio-8080-exec-10" daemon [_thread_blocked, id=852, stack(0x0000002484100000,0x0000002484200000)]
  0x000001a516c26800 JavaThread "http-nio-8080-ClientPoller-0" daemon [_thread_in_native, id=9596, stack(0x0000002484200000,0x0000002484300000)]
  0x000001a516c26000 JavaThread "http-nio-8080-ClientPoller-1" daemon [_thread_in_native, id=11092, stack(0x0000002484300000,0x0000002484400000)]
  0x000001a516c20800 JavaThread "http-nio-8080-Acceptor-0" daemon [_thread_in_native, id=4708, stack(0x0000002484400000,0x0000002484500000)]
  0x000001a516c28800 JavaThread "http-nio-8080-AsyncTimeout" daemon [_thread_blocked, id=2940, stack(0x0000002484500000,0x0000002484600000)]
  0x000001a516c21000 JavaThread "DestroyJavaVM" [_thread_blocked, id=11864, stack(0x0000002481000000,0x0000002481100000)]

Other Threads:
  0x000001a57fa2a000 VMThread "VM Thread" [stack: 0x0000002482500000,0x0000002482600000] [id=6376]
  0x000001a57fd96800 WatcherThread [stack: 0x0000002483100000,0x0000002483200000] [id=4720]
  0x000001a570d7e000 GCTaskThread "GC Thread#0" [stack: 0x0000002481100000,0x0000002481200000] [id=9008]
  0x000001a570d80800 GCTaskThread "GC Thread#1" [stack: 0x0000002481200000,0x0000002481300000] [id=1548]
  0x000001a570d84000 GCTaskThread "GC Thread#2" [stack: 0x0000002481300000,0x0000002481400000] [id=9940]
  0x000001a570d85800 GCTaskThread "GC Thread#3" [stack: 0x0000002481400000,0x0000002481500000] [id=2680]
  0x000001a570d88000 GCTaskThread "GC Thread#4" [stack: 0x0000002481500000,0x0000002481600000] [id=8092]
  0x000001a570d91000 GCTaskThread "GC Thread#5" [stack: 0x0000002481600000,0x0000002481700000] [id=7120]
  0x000001a570d94800 GCTaskThread "GC Thread#6" [stack: 0x0000002481700000,0x0000002481800000] [id=5080]
  0x000001a570d99800 GCTaskThread "GC Thread#7" [stack: 0x0000002481800000,0x0000002481900000] [id=11240]
  0x000001a570e06000 ConcurrentGCThread "G1 Main Marker" [stack: 0x0000002481900000,0x0000002481a00000] [id=12020]
  0x000001a570e0a800 ConcurrentGCThread "G1 Conc#0" [stack: 0x0000002481a00000,0x0000002481b00000] [id=11668]
  0x000001a570e0d800 ConcurrentGCThread "G1 Conc#1" [stack: 0x0000002481b00000,0x0000002481c00000] [id=6032]
  0x000001a57f89d800 ConcurrentGCThread "G1 Refine#0" [stack: 0x0000002481c00000,0x0000002481d00000] [id=1840]
  0x000001a57f89e000 ConcurrentGCThread "G1 Refine#1" [stack: 0x0000002481d00000,0x0000002481e00000] [id=6232]
  0x000001a57f89f000 ConcurrentGCThread "G1 Refine#2" [stack: 0x0000002481e00000,0x0000002481f00000] [id=3596]
  0x000001a57f8a4000 ConcurrentGCThread "G1 Refine#3" [stack: 0x0000002481f00000,0x0000002482000000] [id=8220]
  0x000001a57f8b0000 ConcurrentGCThread "G1 Refine#4" [stack: 0x0000002482000000,0x0000002482100000] [id=7788]
  0x000001a57f8ad800 ConcurrentGCThread "G1 Refine#5" [stack: 0x0000002482100000,0x0000002482200000] [id=10092]
  0x000001a57f8ad000 ConcurrentGCThread "G1 Refine#6" [stack: 0x0000002482200000,0x0000002482300000] [id=10180]
  0x000001a57f8b0800 ConcurrentGCThread "G1 Refine#7" [stack: 0x0000002482300000,0x0000002482400000] [id=6824]
  0x000001a57f8bf800 ConcurrentGCThread "G1 Young RemSet Sampling" [stack: 0x0000002482400000,0x0000002482500000] [id=9004]

Threads with active compile tasks:
C2 CompilerThread05996       4       org.bson.codecs.configuration.ProvidersCodecRegistry::get (104 bytes)
C2 CompilerThread16002       4       org.apache.coyote.http11.Http11OutputBuffer::write (93 bytes)
C2 CompilerThread25983       4       org.apache.coyote.http11.Http11InputBuffer::parseHeader (812 bytes)

VM state:not at safepoint (normal execution)

VM Mutex/Monitor currently owned by a thread: None

Heap address: 0x0000000081600000, size: 2026 MB, Compressed Oops mode: 32-bit
Narrow klass base: 0x0000000000000000, Narrow klass shift: 3
Compressed class space size: 1073741824 Address: 0x0000000100000000

Heap:
 garbage-first heap   total 157696K, used 65587K [0x0000000081600000, 0x0000000100000000)
  region size 1024K, 54 young (55296K), 11 survivors (11264K)
 Metaspace       used 53848K, capacity 55277K, committed 55552K, reserved 1097728K
  class space    used 6247K, capacity 6807K, committed 6912K, reserved 1048576K
Heap Regions: E=young(eden), S=young(survivor), O=old, HS=humongous(starts), HC=humongous(continues), CS=collection set, F=free, A=archive, TS=gc time stamp, AC=allocation context, TAMS=top-at-mark-start (previous, next)
|   0|0x0000000081600000, 0x0000000081700000, 0x0000000081700000|100%| O|  |TS  0|AC  0|TAMS 0x0000000081700000, 0x0000000081700000|
|   1|0x0000000081700000, 0x0000000081800000, 0x0000000081800000|100%| O|  |TS  0|AC  0|TAMS 0x0000000081800000, 0x0000000081800000|
|   2|0x0000000081800000, 0x0000000081900000, 0x0000000081900000|100%| O|  |TS  0|AC  0|TAMS 0x0000000081900000, 0x0000000081900000|
|   3|0x0000000081900000, 0x0000000081a00000, 0x0000000081a00000|100%| O|  |TS  0|AC  0|TAMS 0x0000000081a00000, 0x0000000081a00000|
|   4|0x0000000081a00000, 0x0000000081b00000, 0x0000000081b00000|100%| O|  |TS  0|AC  0|TAMS 0x0000000081b00000, 0x0000000081b00000|
|   5|0x0000000081b00000, 0x0000000081c00000, 0x0000000081c00000|100%| O|  |TS  0|AC  0|TAMS 0x0000000081c00000, 0x0000000081c00000|
|   6|0x0000000081c00000, 0x0000000081d00000, 0x0000000081d00000|100%| O|  |TS  1|AC  0|TAMS 0x0000000081c09e00, 0x0000000081c09e00|
|   7|0x0000000081d00000, 0x0000000081e00000, 0x0000000081e00000|100%| O|  |TS  1|AC  0|TAMS 0x0000000081d00000, 0x0000000081d00000|
|   8|0x0000000081e00000, 0x0000000081f00000, 0x0000000081f00000|100%| O|  |TS  1|AC  0|TAMS 0x0000000081e00000, 0x0000000081e00000|
|   9|0x0000000081f00000, 0x0000000082000000, 0x0000000082000000|100%| O|  |TS  1|AC  0|TAMS 0x0000000081f00000, 0x0000000081f00000|
|  10|0x0000000082000000, 0x0000000082100000, 0x0000000082100000|100%| O|  |TS  1|AC  0|TAMS 0x0000000082000000, 0x0000000082000000|
|  11|0x0000000082100000, 0x000000008210cc00, 0x0000000082200000|  4%| O|  |TS  1|AC  0|TAMS 0x0000000082100000, 0x0000000082100000|
|  12|0x0000000082200000, 0x0000000082200000, 0x0000000082300000|  0%| F|  |TS  0|AC  0|TAMS 0x0000000082200000, 0x0000000082200000|
|  13|0x0000000082300000, 0x0000000082300000, 0x0000000082400000|  0%| F|  |TS  0|AC  0|TAMS 0x0000000082300000, 0x0000000082300000|
|  14|0x0000000082400000, 0x0000000082400000, 0x0000000082500000|  0%| F|  |TS  0|AC  0|TAMS 0x0000000082400000, 0x0000000082400000|
|  15|0x0000000082500000, 0x0000000082500000, 0x0000000082600000|  0%| F|  |TS  0|AC  0|TAMS 0x0000000082500000, 0x0000000082500000|
|  16|0x0000000082600000, 0x0000000082600000, 0x0000000082700000|  0%| F|  |TS  0|AC  0|TAMS 0x0000000082600000, 0x0000000082600000|
|  17|0x0000000082700000, 0x0000000082700000, 0x0000000082800000|  0%| F|  |TS  0|AC  0|TAMS 0x0000000082700000, 0x0000000082700000|
|  18|0x0000000082800000, 0x0000000082800000, 0x0000000082900000|  0%| F|  |TS  0|AC  0|TAMS 0x0000000082800000, 0x0000000082800000|
|  19|0x0000000082900000, 0x0000000082900000, 0x0000000082a00000|  0%| F|  |TS  0|AC  0|TAMS 0x0000000082900000, 0x0000000082900000|
|  20|0x0000000082a00000, 0x0000000082a00000, 0x0000000082b00000|  0%| F|  |TS  0|AC  0|TAMS 0x0000000082a00000, 0x0000000082a00000|
|  21|0x0000000082b00000, 0x0000000082b00000, 0x0000000082c00000|  0%| F|  |TS  0|AC  0|TAMS 0x0000000082b00000, 0x0000000082b00000|
|  22|0x0000000082c00000, 0x0000000082c00000, 0x0000000082d00000|  0%| F|  |TS  0|AC  0|TAMS 0x0000000082c00000, 0x0000000082c00000|
|  23|0x0000000082d00000, 0x0000000082d00000, 0x0000000082e00000|  0%| F|  |TS  0|AC  0|TAMS 0x0000000082d00000, 0x0000000082d00000|
|  24|0x0000000082e00000, 0x0000000082e00000, 0x0000000082f00000|  0%| F|  |TS  0|AC  0|TAMS 0x0000000082e00000, 0x0000000082e00000|
|  25|0x0000000082f00000, 0x0000000082f00000, 0x0000000083000000|  0%| F|  |TS  0|AC  0|TAMS 0x0000000082f00000, 0x0000000082f00000|
|  26|0x0000000083000000, 0x0000000083000000, 0x0000000083100000|  0%| F|  |TS  0|AC  0|TAMS 0x0000000083000000, 0x0000000083000000|
|  27|0x0000000083100000, 0x0000000083100000, 0x0000000083200000|  0%| F|  |TS  0|AC  0|TAMS 0x0000000083100000, 0x0000000083100000|
|  28|0x0000000083200000, 0x0000000083200000, 0x0000000083300000|  0%| F|  |TS  0|AC  0|TAMS 0x0000000083200000, 0x0000000083200000|
|  29|0x0000000083300000, 0x0000000083300000, 0x0000000083400000|  0%| F|  |TS  0|AC  0|TAMS 0x0000000083300000, 0x0000000083300000|
|  30|0x0000000083400000, 0x0000000083400000, 0x0000000083500000|  0%| F|  |TS  0|AC  0|TAMS 0x0000000083400000, 0x0000000083400000|
|  31|0x0000000083500000, 0x0000000083500000, 0x0000000083600000|  0%| F|  |TS  0|AC  0|TAMS 0x0000000083500000, 0x0000000083500000|
|  32|0x0000000083600000, 0x0000000083600000, 0x0000000083700000|  0%| F|  |TS  0|AC  0|TAMS 0x0000000083600000, 0x0000000083600000|
|  33|0x0000000083700000, 0x0000000083700000, 0x0000000083800000|  0%| F|  |TS  0|AC  0|TAMS 0x0000000083700000, 0x0000000083700000|
|  34|0x0000000083800000, 0x0000000083800000, 0x0000000083900000|  0%| F|  |TS  0|AC  0|TAMS 0x0000000083800000, 0x0000000083800000|
|  35|0x0000000083900000, 0x0000000083900000, 0x0000000083a00000|  0%| F|  |TS  0|AC  0|TAMS 0x0000000083900000, 0x0000000083900000|
|  36|0x0000000083a00000, 0x0000000083a00000, 0x0000000083b00000|  0%| F|  |TS  0|AC  0|TAMS 0x0000000083a00000, 0x0000000083a00000|
|  37|0x0000000083b00000, 0x0000000083b00000, 0x0000000083c00000|  0%| F|  |TS  0|AC  0|TAMS 0x0000000083b00000, 0x0000000083b00000|
|  38|0x0000000083c00000, 0x0000000083c00000, 0x0000000083d00000|  0%| F|  |TS  0|AC  0|TAMS 0x0000000083c00000, 0x0000000083c00000|
|  39|0x0000000083d00000, 0x0000000083d00000, 0x0000000083e00000|  0%| F|  |TS  0|AC  0|TAMS 0x0000000083d00000, 0x0000000083d00000|
|  40|0x0000000083e00000, 0x0000000083e00000, 0x0000000083f00000|  0%| F|  |TS  0|AC  0|TAMS 0x0000000083e00000, 0x0000000083e00000|
|  41|0x0000000083f00000, 0x0000000083f00000, 0x0000000084000000|  0%| F|  |TS  0|AC  0|TAMS 0x0000000083f00000, 0x0000000083f00000|
|  42|0x0000000084000000, 0x0000000084000000, 0x0000000084100000|  0%| F|  |TS  0|AC  0|TAMS 0x0000000084000000, 0x0000000084000000|
|  43|0x0000000084100000, 0x0000000084100000, 0x0000000084200000|  0%| F|  |TS  0|AC  0|TAMS 0x0000000084100000, 0x0000000084100000|
|  44|0x0000000084200000, 0x0000000084200000, 0x0000000084300000|  0%| F|  |TS  0|AC  0|TAMS 0x0000000084200000, 0x0000000084200000|
|  45|0x0000000084300000, 0x0000000084300000, 0x0000000084400000|  0%| F|  |TS  0|AC  0|TAMS 0x0000000084300000, 0x0000000084300000|
|  46|0x0000000084400000, 0x0000000084400000, 0x0000000084500000|  0%| F|  |TS  0|AC  0|TAMS 0x0000000084400000, 0x0000000084400000|
|  47|0x0000000084500000, 0x0000000084500000, 0x0000000084600000|  0%| F|  |TS  0|AC  0|TAMS 0x0000000084500000, 0x0000000084500000|
|  48|0x0000000084600000, 0x0000000084600000, 0x0000000084700000|  0%| F|  |TS  0|AC  0|TAMS 0x0000000084600000, 0x0000000084600000|
|  49|0x0000000084700000, 0x0000000084700000, 0x0000000084800000|  0%| F|  |TS  0|AC  0|TAMS 0x0000000084700000, 0x0000000084700000|
|  50|0x0000000084800000, 0x0000000084800000, 0x0000000084900000|  0%| F|  |TS  0|AC  0|TAMS 0x0000000084800000, 0x0000000084800000|
|  51|0x0000000084900000, 0x0000000084900000, 0x0000000084a00000|  0%| F|  |TS  0|AC  0|TAMS 0x0000000084900000, 0x0000000084900000|
|  52|0x0000000084a00000, 0x0000000084a00000, 0x0000000084b00000|  0%| F|  |TS  0|AC  0|TAMS 0x0000000084a00000, 0x0000000084a00000|
|  53|0x0000000084b00000, 0x0000000084b00000, 0x0000000084c00000|  0%| F|  |TS  0|AC  0|TAMS 0x0000000084b00000, 0x0000000084b00000|
|  54|0x0000000084c00000, 0x0000000084c00000, 0x0000000084d00000|  0%| F|  |TS  0|AC  0|TAMS 0x0000000084c00000, 0x0000000084c00000|
|  55|0x0000000084d00000, 0x0000000084d00000, 0x0000000084e00000|  0%| F|  |TS  0|AC  0|TAMS 0x0000000084d00000, 0x0000000084d00000|
|  56|0x0000000084e00000, 0x0000000084e00000, 0x0000000084f00000|  0%| F|  |TS  0|AC  0|TAMS 0x0000000084e00000, 0x0000000084e00000|
|  57|0x0000000084f00000, 0x0000000084f00000, 0x0000000085000000|  0%| F|  |TS  0|AC  0|TAMS 0x0000000084f00000, 0x0000000084f00000|
|  58|0x0000000085000000, 0x0000000085000000, 0x0000000085100000|  0%| F|  |TS  0|AC  0|TAMS 0x0000000085000000, 0x0000000085000000|
|  59|0x0000000085100000, 0x0000000085100000, 0x0000000085200000|  0%| F|  |TS  0|AC  0|TAMS 0x0000000085100000, 0x0000000085100000|
|  60|0x0000000085200000, 0x0000000085200000, 0x0000000085300000|  0%| F|  |TS  0|AC  0|TAMS 0x0000000085200000, 0x0000000085200000|
|  61|0x0000000085300000, 0x0000000085300000, 0x0000000085400000|  0%| F|  |TS  0|AC  0|TAMS 0x0000000085300000, 0x0000000085300000|
|  62|0x0000000085400000, 0x0000000085500000, 0x0000000085500000|100%| S|CS|TS  1|AC  0|TAMS 0x0000000085400000, 0x0000000085400000|
|  63|0x0000000085500000, 0x0000000085600000, 0x0000000085600000|100%| S|CS|TS  1|AC  0|TAMS 0x0000000085500000, 0x0000000085500000|
|  64|0x0000000085600000, 0x0000000085700000, 0x0000000085700000|100%| S|CS|TS  1|AC  0|TAMS 0x0000000085600000, 0x0000000085600000|
|  65|0x0000000085700000, 0x0000000085800000, 0x0000000085800000|100%| S|CS|TS  1|AC  0|TAMS 0x0000000085700000, 0x0000000085700000|
|  66|0x0000000085800000, 0x0000000085900000, 0x0000000085900000|100%| S|CS|TS  1|AC  0|TAMS 0x0000000085800000, 0x0000000085800000|
|  67|0x0000000085900000, 0x0000000085a00000, 0x0000000085a00000|100%| S|CS|TS  1|AC  0|TAMS 0x0000000085900000, 0x0000000085900000|
|  68|0x0000000085a00000, 0x0000000085b00000, 0x0000000085b00000|100%| S|CS|TS  1|AC  0|TAMS 0x0000000085a00000, 0x0000000085a00000|
|  69|0x0000000085b00000, 0x0000000085c00000, 0x0000000085c00000|100%| S|CS|TS  1|AC  0|TAMS 0x0000000085b00000, 0x0000000085b00000|
|  70|0x0000000085c00000, 0x0000000085d00000, 0x0000000085d00000|100%| S|CS|TS  1|AC  0|TAMS 0x0000000085c00000, 0x0000000085c00000|
|  71|0x0000000085d00000, 0x0000000085e00000, 0x0000000085e00000|100%| S|CS|TS  1|AC  0|TAMS 0x0000000085d00000, 0x0000000085d00000|
|  72|0x0000000085e00000, 0x0000000085f00000, 0x0000000085f00000|100%| S|CS|TS  1|AC  0|TAMS 0x0000000085e00000, 0x0000000085e00000|
|  73|0x0000000085f00000, 0x0000000085f00000, 0x0000000086000000|  0%| F|  |TS  1|AC  0|TAMS 0x0000000085f00000, 0x0000000085f00000|
|  74|0x0000000086000000, 0x0000000086000000, 0x0000000086100000|  0%| F|  |TS  1|AC  0|TAMS 0x0000000086000000, 0x0000000086000000|
|  75|0x0000000086100000, 0x0000000086100000, 0x0000000086200000|  0%| F|  |TS  1|AC  0|TAMS 0x0000000086100000, 0x0000000086100000|
|  76|0x0000000086200000, 0x0000000086200000, 0x0000000086300000|  0%| F|  |TS  1|AC  0|TAMS 0x0000000086200000, 0x0000000086200000|
|  77|0x0000000086300000, 0x0000000086300000, 0x0000000086400000|  0%| F|  |TS  1|AC  0|TAMS 0x0000000086300000, 0x0000000086300000|
|  78|0x0000000086400000, 0x0000000086400000, 0x0000000086500000|  0%| F|  |TS  1|AC  0|TAMS 0x0000000086400000, 0x0000000086400000|
|  79|0x0000000086500000, 0x0000000086500000, 0x0000000086600000|  0%| F|  |TS  1|AC  0|TAMS 0x0000000086500000, 0x0000000086500000|
|  80|0x0000000086600000, 0x0000000086600000, 0x0000000086700000|  0%| F|  |TS  1|AC  0|TAMS 0x0000000086600000, 0x0000000086600000|
|  81|0x0000000086700000, 0x0000000086700000, 0x0000000086800000|  0%| F|  |TS  1|AC  0|TAMS 0x0000000086700000, 0x0000000086700000|
|  82|0x0000000086800000, 0x0000000086800000, 0x0000000086900000|  0%| F|  |TS  1|AC  0|TAMS 0x0000000086800000, 0x0000000086800000|
|  83|0x0000000086900000, 0x0000000086900000, 0x0000000086a00000|  0%| F|  |TS  1|AC  0|TAMS 0x0000000086900000, 0x0000000086900000|
|  84|0x0000000086a00000, 0x0000000086a00000, 0x0000000086b00000|  0%| F|  |TS  1|AC  0|TAMS 0x0000000086a00000, 0x0000000086a00000|
|  85|0x0000000086b00000, 0x0000000086b00000, 0x0000000086c00000|  0%| F|  |TS  1|AC  0|TAMS 0x0000000086b00000, 0x0000000086b00000|
|  86|0x0000000086c00000, 0x0000000086c00000, 0x0000000086d00000|  0%| F|  |TS  1|AC  0|TAMS 0x0000000086c00000, 0x0000000086c00000|
|  87|0x0000000086d00000, 0x0000000086d00000, 0x0000000086e00000|  0%| F|  |TS  1|AC  0|TAMS 0x0000000086d00000, 0x0000000086d00000|
|  88|0x0000000086e00000, 0x0000000086e00000, 0x0000000086f00000|  0%| F|  |TS  1|AC  0|TAMS 0x0000000086e00000, 0x0000000086e00000|
|  89|0x0000000086f00000, 0x0000000086f00000, 0x0000000087000000|  0%| F|  |TS  1|AC  0|TAMS 0x0000000086f00000, 0x0000000086f00000|
|  90|0x0000000087000000, 0x0000000087000000, 0x0000000087100000|  0%| F|  |TS  1|AC  0|TAMS 0x0000000087000000, 0x0000000087000000|
|  91|0x0000000087100000, 0x0000000087100000, 0x0000000087200000|  0%| F|  |TS  1|AC  0|TAMS 0x0000000087100000, 0x0000000087100000|
|  92|0x0000000087200000, 0x0000000087200000, 0x0000000087300000|  0%| F|  |TS  1|AC  0|TAMS 0x0000000087200000, 0x0000000087200000|
|  93|0x0000000087300000, 0x0000000087300000, 0x0000000087400000|  0%| F|  |TS  1|AC  0|TAMS 0x0000000087300000, 0x0000000087300000|
|  94|0x0000000087400000, 0x0000000087400000, 0x0000000087500000|  0%| F|  |TS  1|AC  0|TAMS 0x0000000087400000, 0x0000000087400000|
|  95|0x0000000087500000, 0x0000000087500000, 0x0000000087600000|  0%| F|  |TS  1|AC  0|TAMS 0x0000000087500000, 0x0000000087500000|
|  96|0x0000000087600000, 0x0000000087600000, 0x0000000087700000|  0%| F|  |TS  1|AC  0|TAMS 0x0000000087600000, 0x0000000087600000|
|  97|0x0000000087700000, 0x0000000087700000, 0x0000000087800000|  0%| F|  |TS  1|AC  0|TAMS 0x0000000087700000, 0x0000000087700000|
|  98|0x0000000087800000, 0x0000000087800000, 0x0000000087900000|  0%| F|  |TS  1|AC  0|TAMS 0x0000000087800000, 0x0000000087800000|
|  99|0x0000000087900000, 0x0000000087900000, 0x0000000087a00000|  0%| F|  |TS  1|AC  0|TAMS 0x0000000087900000, 0x0000000087900000|
| 100|0x0000000087a00000, 0x0000000087a00000, 0x0000000087b00000|  0%| F|  |TS  1|AC  0|TAMS 0x0000000087a00000, 0x0000000087a00000|
| 101|0x0000000087b00000, 0x0000000087b00000, 0x0000000087c00000|  0%| F|  |TS  1|AC  0|TAMS 0x0000000087b00000, 0x0000000087b00000|
| 102|0x0000000087c00000, 0x0000000087c00000, 0x0000000087d00000|  0%| F|  |TS  1|AC  0|TAMS 0x0000000087c00000, 0x0000000087c00000|
| 103|0x0000000087d00000, 0x0000000087d00000, 0x0000000087e00000|  0%| F|  |TS  1|AC  0|TAMS 0x0000000087d00000, 0x0000000087d00000|
| 104|0x0000000087e00000, 0x0000000087e00000, 0x0000000087f00000|  0%| F|  |TS  1|AC  0|TAMS 0x0000000087e00000, 0x0000000087e00000|
| 105|0x0000000087f00000, 0x0000000087f00000, 0x0000000088000000|  0%| F|  |TS  1|AC  0|TAMS 0x0000000087f00000, 0x0000000087f00000|
| 106|0x0000000088000000, 0x0000000088000000, 0x0000000088100000|  0%| F|  |TS  1|AC  0|TAMS 0x0000000088000000, 0x0000000088000000|
| 107|0x0000000088100000, 0x0000000088100000, 0x0000000088200000|  0%| F|  |TS  1|AC  0|TAMS 0x0000000088100000, 0x0000000088100000|
| 108|0x0000000088200000, 0x0000000088200000, 0x0000000088300000|  0%| F|  |TS  1|AC  0|TAMS 0x0000000088200000, 0x0000000088200000|
| 109|0x0000000088300000, 0x0000000088300000, 0x0000000088400000|  0%| F|  |TS  1|AC  0|TAMS 0x0000000088300000, 0x0000000088300000|
| 110|0x0000000088400000, 0x0000000088400000, 0x0000000088500000|  0%| F|  |TS  1|AC  0|TAMS 0x0000000088400000, 0x0000000088400000|
| 111|0x0000000088500000, 0x0000000088600000, 0x0000000088600000|100%| E|  |TS  1|AC  0|TAMS 0x0000000088500000, 0x0000000088500000|
| 112|0x0000000088600000, 0x0000000088700000, 0x0000000088700000|100%| E|CS|TS  1|AC  0|TAMS 0x0000000088600000, 0x0000000088600000|
| 113|0x0000000088700000, 0x0000000088800000, 0x0000000088800000|100%| E|CS|TS  1|AC  0|TAMS 0x0000000088700000, 0x0000000088700000|
| 114|0x0000000088800000, 0x0000000088900000, 0x0000000088900000|100%| E|CS|TS  1|AC  0|TAMS 0x0000000088800000, 0x0000000088800000|
| 115|0x0000000088900000, 0x0000000088a00000, 0x0000000088a00000|100%| E|CS|TS  1|AC  0|TAMS 0x0000000088900000, 0x0000000088900000|
| 116|0x0000000088a00000, 0x0000000088b00000, 0x0000000088b00000|100%| E|CS|TS  1|AC  0|TAMS 0x0000000088a00000, 0x0000000088a00000|
| 117|0x0000000088b00000, 0x0000000088c00000, 0x0000000088c00000|100%| E|CS|TS  1|AC  0|TAMS 0x0000000088b00000, 0x0000000088b00000|
| 118|0x0000000088c00000, 0x0000000088d00000, 0x0000000088d00000|100%| E|CS|TS  1|AC  0|TAMS 0x0000000088c00000, 0x0000000088c00000|
| 119|0x0000000088d00000, 0x0000000088e00000, 0x0000000088e00000|100%| E|CS|TS  1|AC  0|TAMS 0x0000000088d00000, 0x0000000088d00000|
| 120|0x0000000088e00000, 0x0000000088f00000, 0x0000000088f00000|100%| E|CS|TS  1|AC  0|TAMS 0x0000000088e00000, 0x0000000088e00000|
| 121|0x0000000088f00000, 0x0000000089000000, 0x0000000089000000|100%| E|CS|TS  1|AC  0|TAMS 0x0000000088f00000, 0x0000000088f00000|
| 122|0x0000000089000000, 0x0000000089100000, 0x0000000089100000|100%| E|CS|TS  1|AC  0|TAMS 0x0000000089000000, 0x0000000089000000|
| 123|0x0000000089100000, 0x0000000089200000, 0x0000000089200000|100%| E|CS|TS  1|AC  0|TAMS 0x0000000089100000, 0x0000000089100000|
| 124|0x0000000089200000, 0x0000000089300000, 0x0000000089300000|100%| E|CS|TS  1|AC  0|TAMS 0x0000000089200000, 0x0000000089200000|
| 125|0x0000000089300000, 0x0000000089400000, 0x0000000089400000|100%| E|CS|TS  1|AC  0|TAMS 0x0000000089300000, 0x0000000089300000|
| 126|0x0000000089400000, 0x0000000089500000, 0x0000000089500000|100%| E|CS|TS  1|AC  0|TAMS 0x0000000089400000, 0x0000000089400000|
| 127|0x0000000089500000, 0x0000000089600000, 0x0000000089600000|100%| E|CS|TS  1|AC  0|TAMS 0x0000000089500000, 0x0000000089500000|
| 128|0x0000000089600000, 0x0000000089700000, 0x0000000089700000|100%| E|CS|TS  1|AC  0|TAMS 0x0000000089600000, 0x0000000089600000|
| 129|0x0000000089700000, 0x0000000089800000, 0x0000000089800000|100%| E|CS|TS  1|AC  0|TAMS 0x0000000089700000, 0x0000000089700000|
| 130|0x0000000089800000, 0x0000000089900000, 0x0000000089900000|100%| E|CS|TS  1|AC  0|TAMS 0x0000000089800000, 0x0000000089800000|
| 131|0x0000000089900000, 0x0000000089a00000, 0x0000000089a00000|100%| E|CS|TS  1|AC  0|TAMS 0x0000000089900000, 0x0000000089900000|
| 132|0x0000000089a00000, 0x0000000089b00000, 0x0000000089b00000|100%| E|CS|TS  1|AC  0|TAMS 0x0000000089a00000, 0x0000000089a00000|
| 133|0x0000000089b00000, 0x0000000089c00000, 0x0000000089c00000|100%| E|CS|TS  1|AC  0|TAMS 0x0000000089b00000, 0x0000000089b00000|
| 134|0x0000000089c00000, 0x0000000089d00000, 0x0000000089d00000|100%| E|CS|TS  1|AC  0|TAMS 0x0000000089c00000, 0x0000000089c00000|
| 135|0x0000000089d00000, 0x0000000089e00000, 0x0000000089e00000|100%| E|CS|TS  1|AC  0|TAMS 0x0000000089d00000, 0x0000000089d00000|
| 136|0x0000000089e00000, 0x0000000089f00000, 0x0000000089f00000|100%| E|CS|TS  1|AC  0|TAMS 0x0000000089e00000, 0x0000000089e00000|
| 137|0x0000000089f00000, 0x000000008a000000, 0x000000008a000000|100%| E|CS|TS  1|AC  0|TAMS 0x0000000089f00000, 0x0000000089f00000|
| 138|0x000000008a000000, 0x000000008a100000, 0x000000008a100000|100%| E|CS|TS  1|AC  0|TAMS 0x000000008a000000, 0x000000008a000000|
| 139|0x000000008a100000, 0x000000008a200000, 0x000000008a200000|100%| E|CS|TS  1|AC  0|TAMS 0x000000008a100000, 0x000000008a100000|
| 140|0x000000008a200000, 0x000000008a300000, 0x000000008a300000|100%| E|CS|TS  1|AC  0|TAMS 0x000000008a200000, 0x000000008a200000|
| 141|0x000000008a300000, 0x000000008a400000, 0x000000008a400000|100%| E|CS|TS  1|AC  0|TAMS 0x000000008a300000, 0x000000008a300000|
| 142|0x000000008a400000, 0x000000008a500000, 0x000000008a500000|100%| E|CS|TS  1|AC  0|TAMS 0x000000008a400000, 0x000000008a400000|
| 143|0x000000008a500000, 0x000000008a600000, 0x000000008a600000|100%| E|CS|TS  1|AC  0|TAMS 0x000000008a500000, 0x000000008a500000|
| 144|0x000000008a600000, 0x000000008a700000, 0x000000008a700000|100%| E|CS|TS  1|AC  0|TAMS 0x000000008a600000, 0x000000008a600000|
| 145|0x000000008a700000, 0x000000008a800000, 0x000000008a800000|100%| E|CS|TS  1|AC  0|TAMS 0x000000008a700000, 0x000000008a700000|
| 146|0x000000008a800000, 0x000000008a900000, 0x000000008a900000|100%| E|CS|TS  1|AC  0|TAMS 0x000000008a800000, 0x000000008a800000|
| 147|0x000000008a900000, 0x000000008aa00000, 0x000000008aa00000|100%| E|CS|TS  1|AC  0|TAMS 0x000000008a900000, 0x000000008a900000|
| 148|0x000000008aa00000, 0x000000008ab00000, 0x000000008ab00000|100%| E|CS|TS  1|AC  0|TAMS 0x000000008aa00000, 0x000000008aa00000|
| 149|0x000000008ab00000, 0x000000008ac00000, 0x000000008ac00000|100%| E|CS|TS  1|AC  0|TAMS 0x000000008ab00000, 0x000000008ab00000|
| 150|0x000000008ac00000, 0x000000008ad00000, 0x000000008ad00000|100%| E|CS|TS  1|AC  0|TAMS 0x000000008ac00000, 0x000000008ac00000|
| 151|0x000000008ad00000, 0x000000008ae00000, 0x000000008ae00000|100%| E|CS|TS  1|AC  0|TAMS 0x000000008ad00000, 0x000000008ad00000|
| 152|0x000000008ae00000, 0x000000008af00000, 0x000000008af00000|100%| E|CS|TS  1|AC  0|TAMS 0x000000008ae00000, 0x000000008ae00000|
| 153|0x000000008af00000, 0x000000008b000000, 0x000000008b000000|100%| E|CS|TS  1|AC  0|TAMS 0x000000008af00000, 0x000000008af00000|

Card table byte_map: [0x000001a57c820000,0x000001a57cc20000] byte_map_base: 0x000001a57c415000

Marking Bits (Prev, Next): (CMBitMap*) 0x000001a570e03010, (CMBitMap*) 0x000001a570e03048
 Prev Bits: [0x000001a57d020000, 0x000001a57efc8000)
 Next Bits: [0x000001a50f000000, 0x000001a510fa8000)

Polling page: 0x000001a56ea50000

CodeHeap 'non-profiled nmethods': size=120000Kb used=3399Kb max_used=3399Kb free=116600Kb
 bounds [0x000001a507ad0000, 0x000001a507e30000, 0x000001a50f000000]
CodeHeap 'profiled nmethods': size=120000Kb used=13739Kb max_used=13739Kb free=106260Kb
 bounds [0x000001a5005a0000, 0x000001a501310000, 0x000001a507ad0000]
CodeHeap 'non-nmethods': size=5760Kb used=1192Kb max_used=1235Kb free=4568Kb
 bounds [0x000001a500000000, 0x000001a500270000, 0x000001a5005a0000]
 total_blobs=7874 nmethods=5856 adapters=458
 compilation: enabled

Compilation events (10 events):
Event: 515.302 Thread 0x000001a57fa4e800 nmethod 5997 0x000001a507e20390 code [0x000001a507e20540, 0x000001a507e20648]
Event: 515.302 Thread 0x000001a57fa4e800 6002       4       org.apache.coyote.http11.Http11OutputBuffer::write (93 bytes)
Event: 515.303 Thread 0x000001a57fb8e800 nmethod 5987 0x000001a501308110 code [0x000001a501308500, 0x000001a50130a180]
Event: 515.303 Thread 0x000001a57fb8e800 6004       3       java.util.Calendar::getTimeInMillis (16 bytes)
Event: 515.303 Thread 0x000001a57fb8e800 nmethod 6004 0x000001a50130ab10 code [0x000001a50130ace0, 0x000001a50130afb0]
Event: 515.304 Thread 0x000001a57fb8e800 6001       3       org.springframework.util.MimeType$$Lambda$128/659952202::accept (20 bytes)
Event: 515.304 Thread 0x000001a57fb8e800 nmethod 6001 0x000001a50130b090 code [0x000001a50130b280, 0x000001a50130b7c0]
Event: 515.304 Thread 0x000001a57fb8e800 6003       3       org.springframework.util.MimeType::checkParameters (54 bytes)
Event: 515.305 Thread 0x000001a57fb8e800 nmethod 6003 0x000001a50130b910 code [0x000001a50130bc00, 0x000001a50130c9a0]
Event: 515.305 Thread 0x000001a57fb8e800 5990       1       com.mongodb.internal.connection.NoOpSessionContext::getClusterTime (2 bytes)

GC Heap History (10 events):
Event: 0.821 GC heap before
{Heap before GC invocations=1 (full 0):
 garbage-first heap   total 131072K, used 25481K [0x0000000081600000, 0x0000000100000000)
  region size 1024K, 23 young (23552K), 3 survivors (3072K)
 Metaspace       used 18257K, capacity 18510K, committed 18560K, reserved 1064960K
  class space    used 2012K, capacity 2145K, committed 2176K, reserved 1048576K
}
Event: 0.825 GC heap after
{Heap after GC invocations=2 (full 0):
 garbage-first heap   total 131072K, used 6364K [0x0000000081600000, 0x0000000100000000)
  region size 1024K, 2 young (2048K), 2 survivors (2048K)
 Metaspace       used 18257K, capacity 18510K, committed 18560K, reserved 1064960K
  class space    used 2012K, capacity 2145K, committed 2176K, reserved 1048576K
}
Event: 0.931 GC heap before
{Heap before GC invocations=2 (full 0):
 garbage-first heap   total 131072K, used 17628K [0x0000000081600000, 0x0000000100000000)
  region size 1024K, 14 young (14336K), 2 survivors (2048K)
 Metaspace       used 20796K, capacity 21139K, committed 21248K, reserved 1069056K
  class space    used 2301K, capacity 2474K, committed 2560K, reserved 1048576K
}
Event: 0.934 GC heap after
{Heap after GC invocations=3 (full 0):
 garbage-first heap   total 131072K, used 6796K [0x0000000081600000, 0x0000000100000000)
  region size 1024K, 2 young (2048K), 2 survivors (2048K)
 Metaspace       used 20796K, capacity 21139K, committed 21248K, reserved 1069056K
  class space    used 2301K, capacity 2474K, committed 2560K, reserved 1048576K
}
Event: 1.724 GC heap before
{Heap before GC invocations=4 (full 0):
 garbage-first heap   total 131072K, used 69260K [0x0000000081600000, 0x0000000100000000)
  region size 1024K, 63 young (64512K), 2 survivors (2048K)
 Metaspace       used 31119K, capacity 31805K, committed 32000K, reserved 1077248K
  class space    used 3525K, capacity 3808K, committed 3840K, reserved 1048576K
}
Event: 1.735 GC heap after
{Heap after GC invocations=5 (full 0):
 garbage-first heap   total 131072K, used 10829K [0x0000000081600000, 0x0000000100000000)
  region size 1024K, 6 young (6144K), 6 survivors (6144K)
 Metaspace       used 31119K, capacity 31805K, committed 32000K, reserved 1077248K
  class space    used 3525K, capacity 3808K, committed 3840K, reserved 1048576K
}
Event: 2.284 GC heap before
{Heap before GC invocations=5 (full 0):
 garbage-first heap   total 131072K, used 35405K [0x0000000081600000, 0x0000000100000000)
  region size 1024K, 31 young (31744K), 6 survivors (6144K)
 Metaspace       used 34807K, capacity 35696K, committed 35840K, reserved 1081344K
  class space    used 3973K, capacity 4352K, committed 4352K, reserved 1048576K
}
Event: 2.294 GC heap after
{Heap after GC invocations=6 (full 0):
 garbage-first heap   total 157696K, used 12756K [0x0000000081600000, 0x0000000100000000)
  region size 1024K, 7 young (7168K), 7 survivors (7168K)
 Metaspace       used 34807K, capacity 35696K, committed 35840K, reserved 1081344K
  class space    used 3973K, capacity 4352K, committed 4352K, reserved 1048576K
}
Event: 3.819 GC heap before
{Heap before GC invocations=7 (full 0):
 garbage-first heap   total 157696K, used 88532K [0x0000000081600000, 0x0000000100000000)
  region size 1024K, 81 young (82944K), 7 survivors (7168K)
 Metaspace       used 47492K, capacity 48595K, committed 48768K, reserved 1091584K
  class space    used 5532K, capacity 6014K, committed 6016K, reserved 1048576K
}
Event: 3.837 GC heap after
{Heap after GC invocations=8 (full 0):
 garbage-first heap   total 157696K, used 22579K [0x0000000081600000, 0x0000000100000000)
  region size 1024K, 11 young (11264K), 11 survivors (11264K)
 Metaspace       used 47492K, capacity 48595K, committed 48768K, reserved 1091584K
  class space    used 5532K, capacity 6014K, committed 6016K, reserved 1048576K
}

Deoptimization events (10 events):
Event: 21.588 Thread 0x000001a515fc9000 Uncommon trap: reason=unstable_if action=reinterpret pc=0x000001a507cf9d98 method=java.util.WeakHashMap.remove(Ljava/lang/Object;)Ljava/lang/Object; @ 94 c2
Event: 21.629 Thread 0x000001a515fc9000 Uncommon trap: reason=unstable_if action=reinterpret pc=0x000001a507c90f3c method=java.lang.Integer.stringSize(I)I @ 3 c2
Event: 21.629 Thread 0x000001a515fc9000 Uncommon trap: reason=unstable_if action=reinterpret pc=0x000001a507c91794 method=java.lang.Integer.getChars(II[B)I @ 4 c2
Event: 32.068 Thread 0x000001a515fc9800 Uncommon trap: reason=class_check action=maybe_recompile pc=0x000001a507d0aff8 method=java.util.stream.StreamOpFlag.fromCharacteristics(Ljava/util/Spliterator;)I @ 14 c2
Event: 33.021 Thread 0x000001a515fca800 Uncommon trap: reason=unstable_if action=reinterpret pc=0x000001a507c9d47c method=java.lang.Class.getComponentType()Ljava/lang/Class; @ 4 c2
Event: 33.022 Thread 0x000001a515fca800 Uncommon trap: reason=unstable_if action=reinterpret pc=0x000001a507b81ad0 method=java.nio.Buffer.<init>(IIII)V @ 44 c2
Event: 67.420 Thread 0x000001a516c23800 Uncommon trap: reason=unstable_if action=reinterpret pc=0x000001a507b81648 method=java.nio.Buffer.<init>(IIII)V @ 44 c2
Event: 74.978 Thread 0x000001a516c23000 Uncommon trap: reason=unstable_if action=reinterpret pc=0x000001a507b99a24 method=java.util.concurrent.ConcurrentHashMap.addCount(JI)V @ 97 c2
Event: 74.978 Thread 0x000001a516c23800 Uncommon trap: reason=unstable_if action=reinterpret pc=0x000001a507b99a24 method=java.util.concurrent.ConcurrentHashMap.addCount(JI)V @ 97 c2
Event: 78.758 Thread 0x000001a516c24800 Uncommon trap: reason=class_check action=make_not_entrant pc=0x000001a507df7e60 method=java.util.ArrayList.toArray([Ljava/lang/Object;)[Ljava/lang/Object; @ 21 c2

Classes redefined (0 events):
No events

Internal exceptions (10 events):
Event: 4.025 Thread 0x000001a570d64000 Exception <a 'java/lang/NoSuchMethodError'{0x000000008a21bf58}: method resolution failed> (0x000000008a21bf58) thrown at [t:/workspace/open/src/hotspot/share/prims/methodHandles.cpp, line 1226]
Event: 4.055 Thread 0x000001a570d64000 Exception <a 'java/lang/NoSuchMethodError'{0x000000008a13f050}: java.lang.invoke.DirectMethodHandle$Holder.invokeSpecial(Ljava/lang/Object;Ljava/lang/Object;)V> (0x000000008a13f050) thrown at [t:/workspace/open/src/hotspot/share/interpreter/linkResolver.c
Event: 21.549 Thread 0x000001a515fc6000 Exception <a 'java/lang/NoSuchMethodError'{0x000000008930d028}: java.lang.invoke.Invokers$Holder.invoke_MT(Ljava/lang/Object;Ljava/lang/Object;Ljava/lang/Object;Ljava/lang/Object;)V> (0x000000008930d028) thrown at [t:/workspace/open/src/hotspot/share/inte
Event: 21.552 Thread 0x000001a515fc6000 Implicit null exception at 0x000001a507c9f9d7 to 0x000001a507c9fbc6
Event: 21.552 Thread 0x000001a515fc6000 Implicit null exception at 0x000001a507d33382 to 0x000001a507d350eb
Event: 21.554 Thread 0x000001a515fc6000 Exception <a 'java/lang/NoSuchMethodError'{0x000000008932a9c8}: method resolution failed> (0x000000008932a9c8) thrown at [t:/workspace/open/src/hotspot/share/prims/methodHandles.cpp, line 1226]
Event: 21.554 Thread 0x000001a515fc6000 Exception <a 'java/lang/NoSuchMethodError'{0x000000008932e268}: java.lang.invoke.DelegatingMethodHandle$Holder.reinvoke_L(Ljava/lang/Object;Ljava/lang/Object;I)V> (0x000000008932e268) thrown at [t:/workspace/open/src/hotspot/share/interpreter/linkResolver
Event: 21.570 Thread 0x000001a515fc6000 Exception <a 'java/lang/NoSuchMethodError'{0x0000000089347858}: java.lang.Object.lambda$thenComparing$36697e65$1(Ljava/util/Comparator;Ljava/lang/Object;Ljava/lang/Object;)I> (0x0000000089347858) thrown at [t:/workspace/open/src/hotspot/share/interpreter/
Event: 21.570 Thread 0x000001a515fc7800 Exception <a 'java/lang/NoSuchMethodError'{0x0000000089216ad8}: java.lang.Object.lambda$thenComparing$36697e65$1(Ljava/util/Comparator;Ljava/lang/Object;Ljava/lang/Object;)I> (0x0000000089216ad8) thrown at [t:/workspace/open/src/hotspot/share/interpreter/
Event: 33.058 Thread 0x000001a515fca800 Exception <a 'java/lang/NoSuchMethodError'{0x0000000088ba9190}: java.lang.invoke.DirectMethodHandle$Holder.invokeInterface(Ljava/lang/Object;Ljava/lang/Object;I)Ljava/lang/Object;> (0x0000000088ba9190) thrown at [t:/workspace/open/src/hotspot/share/interp

Events (10 events):
Event: 460.030 Executing VM operation: RevokeBias
Event: 460.030 Executing VM operation: RevokeBias done
Event: 483.289 Executing VM operation: RevokeBias
Event: 483.289 Executing VM operation: RevokeBias done
Event: 484.083 Executing VM operation: RevokeBias
Event: 484.083 Executing VM operation: RevokeBias done
Event: 484.083 Executing VM operation: RevokeBias
Event: 484.084 Executing VM operation: RevokeBias done
Event: 490.034 Executing VM operation: RevokeBias
Event: 490.034 Executing VM operation: RevokeBias done


Dynamic libraries:
0x00007ff77f300000 - 0x00007ff77f33e000 	C:\Program Files\Java\jdk-10.0.2\bin\javaw.exe
0x00007ffdf0a60000 - 0x00007ffdf0c41000 	C:\Windows\SYSTEM32\ntdll.dll
0x00007ffdef730000 - 0x00007ffdef7e2000 	C:\Windows\System32\KERNEL32.DLL
0x00007ffded120000 - 0x00007ffded393000 	C:\Windows\System32\KERNELBASE.dll
0x00007ffdf0360000 - 0x00007ffdf0401000 	C:\Windows\System32\ADVAPI32.dll
0x00007ffdefc00000 - 0x00007ffdefc9e000 	C:\Windows\System32\msvcrt.dll
0x00007ffdef9d0000 - 0x00007ffdefa2b000 	C:\Windows\System32\sechost.dll
0x00007ffdf06d0000 - 0x00007ffdf07f4000 	C:\Windows\System32\RPCRT4.dll
0x00007ffdef810000 - 0x00007ffdef9a0000 	C:\Windows\System32\USER32.dll
0x00007ffdede30000 - 0x00007ffdede50000 	C:\Windows\System32\win32u.dll
0x00007ffdf0810000 - 0x00007ffdf0838000 	C:\Windows\System32\GDI32.dll
0x00007ffdedc30000 - 0x00007ffdeddc2000 	C:\Windows\System32\gdi32full.dll
0x00007ffdede50000 - 0x00007ffdedeef000 	C:\Windows\System32\msvcp_win.dll
0x00007ffdedab0000 - 0x00007ffdedbaa000 	C:\Windows\System32\ucrtbase.dll
0x00007ffddd620000 - 0x00007ffddd889000 	C:\Windows\WinSxS\amd64_microsoft.windows.common-controls_6595b64144ccf1df_6.0.17134.472_none_fb3f9af53068156d\COMCTL32.dll
0x00007ffde0710000 - 0x00007ffde071a000 	C:\Windows\SYSTEM32\VERSION.dll
0x00007ffdef400000 - 0x00007ffdef722000 	C:\Windows\System32\combase.dll
0x00007ffdedbb0000 - 0x00007ffdedc2a000 	C:\Windows\System32\bcryptPrimitives.dll
0x00007ffdef9a0000 - 0x00007ffdef9cd000 	C:\Windows\System32\IMM32.DLL
0x00007ffdd8c50000 - 0x00007ffdd8d3f000 	C:\Program Files\Java\jdk-10.0.2\bin\msvcr120.dll
0x00007ffdd5180000 - 0x00007ffdd5226000 	C:\Program Files\Java\jdk-10.0.2\bin\msvcp120.dll
0x0000000056e90000 - 0x0000000057900000 	C:\Program Files\Java\jdk-10.0.2\bin\server\jvm.dll
0x00007ffdf0800000 - 0x00007ffdf0808000 	C:\Windows\System32\PSAPI.DLL
0x00007ffdd73e0000 - 0x00007ffdd73e9000 	C:\Windows\SYSTEM32\WSOCK32.dll
0x00007ffdea5f0000 - 0x00007ffdea613000 	C:\Windows\SYSTEM32\WINMM.dll
0x00007ffdefea0000 - 0x00007ffdeff0c000 	C:\Windows\System32\WS2_32.dll
0x00007ffde9bc0000 - 0x00007ffde9bea000 	C:\Windows\SYSTEM32\WINMMBASE.dll
0x00007ffded0d0000 - 0x00007ffded119000 	C:\Windows\System32\cfgmgr32.dll
0x00007ffdeaad0000 - 0x00007ffdeaadf000 	C:\Program Files\Java\jdk-10.0.2\bin\verify.dll
0x00007ffdd74c0000 - 0x00007ffdd7689000 	C:\Windows\SYSTEM32\DBGHELP.DLL
0x00007ffdd71a0000 - 0x00007ffdd71c9000 	C:\Windows\SYSTEM32\dbgcore.DLL
0x00007ffddc940000 - 0x00007ffddc967000 	C:\Program Files\Java\jdk-10.0.2\bin\java.dll
0x00007ffde98b0000 - 0x00007ffde98c6000 	C:\Program Files\Java\jdk-10.0.2\bin\zip.dll
0x00007ffde9a30000 - 0x00007ffde9a3a000 	C:\Program Files\Java\jdk-10.0.2\bin\jimage.dll
0x00007ffdedfc0000 - 0x00007ffdef400000 	C:\Windows\System32\SHELL32.dll
0x00007ffdf0590000 - 0x00007ffdf0639000 	C:\Windows\System32\shcore.dll
0x00007ffded3a0000 - 0x00007ffdedaad000 	C:\Windows\System32\windows.storage.dll
0x00007ffdf0930000 - 0x00007ffdf0981000 	C:\Windows\System32\shlwapi.dll
0x00007ffdecd80000 - 0x00007ffdecd91000 	C:\Windows\System32\kernel.appcore.dll
0x00007ffdecdf0000 - 0x00007ffdece0f000 	C:\Windows\System32\profapi.dll
0x00007ffdecda0000 - 0x00007ffdecdec000 	C:\Windows\System32\powrprof.dll
0x00007ffdecd70000 - 0x00007ffdecd7a000 	C:\Windows\System32\FLTLIB.DLL
0x00007ffde8bb0000 - 0x00007ffde8bca000 	C:\Program Files\Java\jdk-10.0.2\bin\net.dll
0x00007ffde5580000 - 0x00007ffde565d000 	C:\Windows\SYSTEM32\WINHTTP.dll
0x00007ffdec590000 - 0x00007ffdec5f6000 	C:\Windows\system32\mswsock.dll
0x00007ffddcb10000 - 0x00007ffddcb21000 	C:\Program Files\Java\jdk-10.0.2\bin\nio.dll
0x00007ffde8b90000 - 0x00007ffde8b99000 	C:\Program Files\Java\jdk-10.0.2\bin\management.dll
0x00007ffddca60000 - 0x00007ffddca6a000 	C:\Program Files\Java\jdk-10.0.2\bin\management_ext.dll
0x00007ffdcbc20000 - 0x00007ffdcbc36000 	C:\Windows\system32\napinsp.dll
0x00007ffdcbc00000 - 0x00007ffdcbc1a000 	C:\Windows\system32\pnrpnsp.dll
0x00007ffde96c0000 - 0x00007ffde96d9000 	C:\Windows\system32\NLAapi.dll
0x00007ffdec350000 - 0x00007ffdec40e000 	C:\Windows\SYSTEM32\DNSAPI.dll
0x00007ffdefa30000 - 0x00007ffdefa38000 	C:\Windows\System32\NSI.dll
0x00007ffdec310000 - 0x00007ffdec348000 	C:\Windows\SYSTEM32\IPHLPAPI.DLL
0x00007ffdcca80000 - 0x00007ffdcca8e000 	C:\Windows\System32\winrnr.dll
0x00007ffde7190000 - 0x00007ffde71a5000 	C:\Windows\System32\wshbth.dll
0x00007ffddeba0000 - 0x00007ffddebaa000 	C:\Windows\System32\rasadhlp.dll
0x00007ffde0780000 - 0x00007ffde07f2000 	C:\Windows\System32\fwpuclnt.dll
0x00007ffdec870000 - 0x00007ffdec895000 	C:\Windows\SYSTEM32\bcrypt.dll
0x00007ffdec740000 - 0x00007ffdec757000 	C:\Windows\SYSTEM32\CRYPTSP.dll
0x00007ffdec170000 - 0x00007ffdec1a3000 	C:\Windows\system32\rsaenh.dll
0x00007ffdecca0000 - 0x00007ffdeccc8000 	C:\Windows\SYSTEM32\USERENV.dll
0x00007ffdec760000 - 0x00007ffdec76b000 	C:\Windows\SYSTEM32\CRYPTBASE.dll
0x00007ffde5720000 - 0x00007ffde5736000 	C:\Windows\SYSTEM32\dhcpcsvc6.DLL
0x00007ffde5760000 - 0x00007ffde577a000 	C:\Windows\SYSTEM32\dhcpcsvc.DLL
0x00007ffddca50000 - 0x00007ffddca5b000 	C:\Program Files\Java\jdk-10.0.2\bin\sunmscapi.dll
0x00007ffdece30000 - 0x00007ffded012000 	C:\Windows\System32\CRYPT32.dll
0x00007ffdece10000 - 0x00007ffdece22000 	C:\Windows\System32\MSASN1.dll
0x00007ffddc910000 - 0x00007ffddc933000 	C:\Program Files\Java\jdk-10.0.2\bin\sunec.dll

dbghelp: loaded successfully - version: 4.0.5 - missing functions: none
symbol engine: initialized successfully - sym options: 0x614 - pdb path: (cannot be retrieved)

VM Arguments:
jvm_args: -Dfile.encoding=UTF-8 
java_command: com.acn.masg.SpMassageProApplication
java_class_path (initial): C:\Users\Solar\Documents\workspace-sts-3.9.6.RELEASE\sp-massage-pro\target\classes;C:\Users\Solar\.m2\repository\org\springframework\boot\spring-boot-starter-data-mongodb\2.1.1.RELEASE\spring-boot-starter-data-mongodb-2.1.1.RELEASE.jar;C:\Users\Solar\.m2\repository\org\springframework\boot\spring-boot-starter\2.1.1.RELEASE\spring-boot-starter-2.1.1.RELEASE.jar;C:\Users\Solar\.m2\repository\org\springframework\boot\spring-boot\2.1.1.RELEASE\spring-boot-2.1.1.RELEASE.jar;C:\Users\Solar\.m2\repository\org\springframework\boot\spring-boot-autoconfigure\2.1.1.RELEASE\spring-boot-autoconfigure-2.1.1.RELEASE.jar;C:\Users\Solar\.m2\repository\org\springframework\boot\spring-boot-starter-logging\2.1.1.RELEASE\spring-boot-starter-logging-2.1.1.RELEASE.jar;C:\Users\Solar\.m2\repository\ch\qos\logback\logback-classic\1.2.3\logback-classic-1.2.3.jar;C:\Users\Solar\.m2\repository\ch\qos\logback\logback-core\1.2.3\logback-core-1.2.3.jar;C:\Users\Solar\.m2\repository\org\apache\logging\log4j\log4j-to-slf4j\2.11.1\log4j-to-slf4j-2.11.1.jar;C:\Users\Solar\.m2\repository\org\apache\logging\log4j\log4j-api\2.11.1\log4j-api-2.11.1.jar;C:\Users\Solar\.m2\repository\org\slf4j\jul-to-slf4j\1.7.25\jul-to-slf4j-1.7.25.jar;C:\Users\Solar\.m2\repository\javax\annotation\javax.annotation-api\1.3.2\javax.annotation-api-1.3.2.jar;C:\Users\Solar\.m2\repository\org\yaml\snakeyaml\1.23\snakeyaml-1.23.jar;C:\Users\Solar\.m2\repository\org\mongodb\mongodb-driver\3.8.2\mongodb-driver-3.8.2.jar;C:\Users\Solar\.m2\repository\org\mongodb\bson\3.8.2\bson-3.8.2.jar;C:\Users\Solar\.m2\repository\org\mongodb\mongodb-driver-core\3.8.2\mongodb-driver-core-3.8.2.jar;C:\Users\Solar\.m2\repository\org\springframework\data\spring-data-mongodb\2.1.3.RELEASE\spring-data-mongodb-2.1.3.RELEASE.jar;C:\Users\Solar\.m2\repository\org\springframework\spring-tx\5.1.3.RELEASE\spring-tx-5.1.3.RELEASE.jar;C:\Users\Solar\.m2\repository\org\springframework\spring-context\5.1.3.RELEASE\spring-context-
Launcher Type: SUN_STANDARD

Logging:
Log output configuration:
#0: stdout all=warning uptime,level,tags
#1: stderr all=off uptime,level,tags

Environment Variables:
JAVA_HOME=C:\Program Files\Java\jdk-10.0.2
CLASSPATH=.;C:\Program Files\Java\jdk-10.0.2\lib;
PATH=C:\Program Files (x86)\Common Files\Oracle\Java\javapath;C:\Program Files (x86)\Intel\iCLS Client\;C:\Program Files\Intel\iCLS Client\;C:\Windows\system32;C:\Windows;C:\Windows\System32\Wbem;C:\Windows\System32\WindowsPowerShell\v1.0\;C:\Windows\System32\OpenSSH\;C:\Program Files (x86)\Intel\Intel(R) Management Engine Components\DAL;C:\Program Files\Intel\Intel(R) Management Engine Components\DAL;C:\Program Files (x86)\Intel\Intel(R) Management Engine Components\IPT;C:\Program Files\Intel\Intel(R) Management Engine Components\IPT;C:\Program Files\Java\jdk-10.0.2\bin;C:\Program Files\nodejs\;C:\Program Files\Git\cmd;C:\Users\Solar\AppData\Local\Microsoft\WindowsApps;C:\Users\Solar\AppData\Roaming\npm;C:\Users\Solar\AppData\Local\Programs\Microsoft VS Code\bin
USERNAME=Solar
OS=Windows_NT
PROCESSOR_IDENTIFIER=Intel64 Family 6 Model 60 Stepping 3, GenuineIntel



---------------  S Y S T E M  ---------------

OS: Windows 10 , 64 bit Build 17134 (10.0.17134.1)

CPU:total 8 (initial active 8) (4 cores per cpu, 2 threads per core) family 6 model 60 stepping 3, cmov, cx8, fxsr, mmx, sse, sse2, sse3, ssse3, sse4.1, sse4.2, popcnt, avx, avx2, aes, clmul, erms, lzcnt, ht, tsc, tscinvbit, bmi1, bmi2, fma

Memory: 4k page, physical 8291904k(518076k free), swap 8291904k(2200k free)

vm_info: Java HotSpot(TM) 64-Bit Server VM (10.0.2+13) for windows-amd64 JRE (10.0.2+13), built on Jun 28 2018 01:57:56 by "mach5one" with MS VC++ 12.0 (VS2013)

END.
